[2022-02-16 10:08:46]  ----- BEGIN -----
[2022-02-16 10:08:46]  Old version 2.1.6
[2022-02-16 10:08:46]  Migrations found: 
[2022-02-16 10:08:46]  ArContactusUpgrade_157.php
[2022-02-16 10:08:46]  ArContactusUpgrade_160.php
[2022-02-16 10:08:46]  ArContactusUpgrade_180.php
[2022-02-16 10:08:46]  ArContactusUpgrade_182.php
[2022-02-16 10:08:46]  ArContactusUpgrade_195.php
[2022-02-16 10:08:46]  ArContactusUpgrade_199.php
[2022-02-16 10:08:46]  ArContactusUpgrade_200.php
[2022-02-16 10:08:46]  ArContactusUpgrade_211.php
[2022-02-16 10:08:46]  Store plugin version 2.1.6
[2022-02-16 10:08:46]  ----- END -----

[2022-02-26 03:08:52]  ----- BEGIN -----
[2022-02-26 03:08:52]  Old version 2.1.6
[2022-02-26 03:08:52]  Migrations found: 
[2022-02-26 03:08:52]  ArContactusUpgrade_157.php
[2022-02-26 03:08:52]  ArContactusUpgrade_160.php
[2022-02-26 03:08:52]  ArContactusUpgrade_180.php
[2022-02-26 03:08:52]  ArContactusUpgrade_182.php
[2022-02-26 03:08:52]  ArContactusUpgrade_195.php
[2022-02-26 03:08:52]  ArContactusUpgrade_199.php
[2022-02-26 03:08:52]  ArContactusUpgrade_200.php
[2022-02-26 03:08:52]  ArContactusUpgrade_211.php
[2022-02-26 03:08:52]  Store plugin version 2.1.6
[2022-02-26 03:08:52]  ----- END -----

[2022-03-01 04:17:35]  ----- BEGIN -----
[2022-03-01 04:17:35]  Old version 2.1.6
[2022-03-01 04:17:35]  Migrations found: 
[2022-03-01 04:17:35]  ArContactusUpgrade_157.php
[2022-03-01 04:17:35]  ArContactusUpgrade_160.php
[2022-03-01 04:17:35]  ArContactusUpgrade_180.php
[2022-03-01 04:17:35]  ArContactusUpgrade_182.php
[2022-03-01 04:17:35]  ArContactusUpgrade_195.php
[2022-03-01 04:17:35]  ArContactusUpgrade_199.php
[2022-03-01 04:17:35]  ArContactusUpgrade_200.php
[2022-03-01 04:17:35]  ArContactusUpgrade_211.php
[2022-03-01 04:17:35]  Store plugin version 2.1.6
[2022-03-01 04:17:35]  ----- END -----

[2022-03-01 04:20:02]  ----- BEGIN -----
[2022-03-01 04:20:02]  Old version 2.1.6
[2022-03-01 04:20:02]  Migrations found: 
[2022-03-01 04:20:02]  ArContactusUpgrade_157.php
[2022-03-01 04:20:02]  ArContactusUpgrade_160.php
[2022-03-01 04:20:02]  ArContactusUpgrade_180.php
[2022-03-01 04:20:02]  ArContactusUpgrade_182.php
[2022-03-01 04:20:02]  ArContactusUpgrade_195.php
[2022-03-01 04:20:02]  ArContactusUpgrade_199.php
[2022-03-01 04:20:02]  ArContactusUpgrade_200.php
[2022-03-01 04:20:02]  ArContactusUpgrade_211.php
[2022-03-01 04:20:02]  Store plugin version 2.1.6
[2022-03-01 04:20:02]  ----- END -----

[2022-03-01 04:20:49]  ----- BEGIN -----
[2022-03-01 04:20:49]  Old version 2.1.6
[2022-03-01 04:20:49]  Migrations found: 
[2022-03-01 04:20:49]  ArContactusUpgrade_157.php
[2022-03-01 04:20:49]  ArContactusUpgrade_160.php
[2022-03-01 04:20:49]  ArContactusUpgrade_180.php
[2022-03-01 04:20:49]  ArContactusUpgrade_182.php
[2022-03-01 04:20:49]  ArContactusUpgrade_195.php
[2022-03-01 04:20:49]  ArContactusUpgrade_199.php
[2022-03-01 04:20:49]  ArContactusUpgrade_200.php
[2022-03-01 04:20:49]  ArContactusUpgrade_211.php
[2022-03-01 04:20:49]  Store plugin version 2.1.6
[2022-03-01 04:20:49]  ----- END -----

[2022-03-01 04:21:04]  ----- BEGIN -----
[2022-03-01 04:21:04]  Old version 2.1.6
[2022-03-01 04:21:04]  Migrations found: 
[2022-03-01 04:21:04]  ArContactusUpgrade_157.php
[2022-03-01 04:21:04]  ArContactusUpgrade_160.php
[2022-03-01 04:21:04]  ArContactusUpgrade_180.php
[2022-03-01 04:21:04]  ArContactusUpgrade_182.php
[2022-03-01 04:21:04]  ArContactusUpgrade_195.php
[2022-03-01 04:21:04]  ArContactusUpgrade_199.php
[2022-03-01 04:21:04]  ArContactusUpgrade_200.php
[2022-03-01 04:21:04]  ArContactusUpgrade_211.php
[2022-03-01 04:21:04]  Store plugin version 2.1.6
[2022-03-01 04:21:04]  ----- END -----

[2022-03-01 04:21:14]  ----- BEGIN -----
[2022-03-01 04:21:14]  Old version 2.1.6
[2022-03-01 04:21:14]  Migrations found: 
[2022-03-01 04:21:14]  ArContactusUpgrade_157.php
[2022-03-01 04:21:14]  ArContactusUpgrade_160.php
[2022-03-01 04:21:14]  ArContactusUpgrade_180.php
[2022-03-01 04:21:14]  ArContactusUpgrade_182.php
[2022-03-01 04:21:14]  ArContactusUpgrade_195.php
[2022-03-01 04:21:14]  ArContactusUpgrade_199.php
[2022-03-01 04:21:14]  ArContactusUpgrade_200.php
[2022-03-01 04:21:14]  ArContactusUpgrade_211.php
[2022-03-01 04:21:14]  Store plugin version 2.1.6
[2022-03-01 04:21:14]  ----- END -----

[2022-03-01 06:57:29]  ----- BEGIN -----
[2022-03-01 06:57:29]  Old version 2.1.6
[2022-03-01 06:57:29]  Migrations found: 
[2022-03-01 06:57:29]  ArContactusUpgrade_157.php
[2022-03-01 06:57:29]  ArContactusUpgrade_160.php
[2022-03-01 06:57:29]  ArContactusUpgrade_180.php
[2022-03-01 06:57:29]  ArContactusUpgrade_182.php
[2022-03-01 06:57:29]  ArContactusUpgrade_195.php
[2022-03-01 06:57:29]  ArContactusUpgrade_199.php
[2022-03-01 06:57:29]  ArContactusUpgrade_200.php
[2022-03-01 06:57:29]  ArContactusUpgrade_211.php
[2022-03-01 06:57:29]  Store plugin version 2.1.6
[2022-03-01 06:57:29]  ----- END -----

[2022-03-01 06:57:35]  ----- BEGIN -----
[2022-03-01 06:57:35]  Old version 2.1.6
[2022-03-01 06:57:35]  Migrations found: 
[2022-03-01 06:57:35]  ArContactusUpgrade_157.php
[2022-03-01 06:57:35]  ArContactusUpgrade_160.php
[2022-03-01 06:57:35]  ArContactusUpgrade_180.php
[2022-03-01 06:57:35]  ArContactusUpgrade_182.php
[2022-03-01 06:57:35]  ArContactusUpgrade_195.php
[2022-03-01 06:57:35]  ArContactusUpgrade_199.php
[2022-03-01 06:57:35]  ArContactusUpgrade_200.php
[2022-03-01 06:57:35]  ArContactusUpgrade_211.php
[2022-03-01 06:57:35]  Store plugin version 2.1.6
[2022-03-01 06:57:35]  ----- END -----

[2022-03-01 15:46:28]  ----- BEGIN -----
[2022-03-01 15:46:28]  Old version 2.1.6
[2022-03-01 15:46:28]  Migrations found: 
[2022-03-01 15:46:28]  ArContactusUpgrade_157.php
[2022-03-01 15:46:28]  ArContactusUpgrade_160.php
[2022-03-01 15:46:28]  ArContactusUpgrade_180.php
[2022-03-01 15:46:28]  ArContactusUpgrade_182.php
[2022-03-01 15:46:28]  ArContactusUpgrade_195.php
[2022-03-01 15:46:28]  ArContactusUpgrade_199.php
[2022-03-01 15:46:28]  ArContactusUpgrade_200.php
[2022-03-01 15:46:28]  ArContactusUpgrade_211.php
[2022-03-01 15:46:28]  Store plugin version 2.1.6
[2022-03-01 15:46:28]  ----- END -----

[2022-03-01 15:46:34]  ----- BEGIN -----
[2022-03-01 15:46:34]  Old version 2.1.6
[2022-03-01 15:46:34]  Migrations found: 
[2022-03-01 15:46:34]  ArContactusUpgrade_157.php
[2022-03-01 15:46:34]  ArContactusUpgrade_160.php
[2022-03-01 15:46:34]  ArContactusUpgrade_180.php
[2022-03-01 15:46:34]  ArContactusUpgrade_182.php
[2022-03-01 15:46:34]  ArContactusUpgrade_195.php
[2022-03-01 15:46:34]  ArContactusUpgrade_199.php
[2022-03-01 15:46:34]  ArContactusUpgrade_200.php
[2022-03-01 15:46:34]  ArContactusUpgrade_211.php
[2022-03-01 15:46:34]  Store plugin version 2.1.6
[2022-03-01 15:46:34]  ----- END -----

[2022-03-11 21:40:23]  ----- BEGIN -----
[2022-03-11 21:40:23]  Old version 2.1.6
[2022-03-11 21:40:23]  Migrations found: 
[2022-03-11 21:40:23]  ArContactusUpgrade_157.php
[2022-03-11 21:40:23]  ArContactusUpgrade_160.php
[2022-03-11 21:40:23]  ArContactusUpgrade_180.php
[2022-03-11 21:40:23]  ArContactusUpgrade_182.php
[2022-03-11 21:40:23]  ArContactusUpgrade_195.php
[2022-03-11 21:40:23]  ArContactusUpgrade_199.php
[2022-03-11 21:40:23]  ArContactusUpgrade_200.php
[2022-03-11 21:40:23]  ArContactusUpgrade_211.php
[2022-03-11 21:40:23]  Store plugin version 2.1.6
[2022-03-11 21:40:23]  ----- END -----

[2022-03-11 21:56:27]  ----- BEGIN -----
[2022-03-11 21:56:27]  Old version 2.1.6
[2022-03-11 21:56:27]  Migrations found: 
[2022-03-11 21:56:27]  ArContactusUpgrade_157.php
[2022-03-11 21:56:27]  ArContactusUpgrade_160.php
[2022-03-11 21:56:27]  ArContactusUpgrade_180.php
[2022-03-11 21:56:27]  ArContactusUpgrade_182.php
[2022-03-11 21:56:27]  ArContactusUpgrade_195.php
[2022-03-11 21:56:27]  ArContactusUpgrade_199.php
[2022-03-11 21:56:27]  ArContactusUpgrade_200.php
[2022-03-11 21:56:27]  ArContactusUpgrade_211.php
[2022-03-11 21:56:27]  Store plugin version 2.1.6
[2022-03-11 21:56:27]  ----- END -----

[2022-03-11 21:56:33]  ----- BEGIN -----
[2022-03-11 21:56:33]  Old version 2.1.6
[2022-03-11 21:56:33]  Migrations found: 
[2022-03-11 21:56:33]  ArContactusUpgrade_157.php
[2022-03-11 21:56:33]  ArContactusUpgrade_160.php
[2022-03-11 21:56:33]  ArContactusUpgrade_180.php
[2022-03-11 21:56:33]  ArContactusUpgrade_182.php
[2022-03-11 21:56:33]  ArContactusUpgrade_195.php
[2022-03-11 21:56:33]  ArContactusUpgrade_199.php
[2022-03-11 21:56:33]  ArContactusUpgrade_200.php
[2022-03-11 21:56:33]  ArContactusUpgrade_211.php
[2022-03-11 21:56:33]  Store plugin version 2.1.6
[2022-03-11 21:56:33]  ----- END -----

[2022-03-15 18:43:54]  ----- BEGIN -----
[2022-03-15 18:43:54]  Old version 2.1.6
[2022-03-15 18:43:54]  Migrations found: 
[2022-03-15 18:43:54]  ArContactusUpgrade_157.php
[2022-03-15 18:43:54]  ArContactusUpgrade_160.php
[2022-03-15 18:43:54]  ArContactusUpgrade_180.php
[2022-03-15 18:43:54]  ArContactusUpgrade_182.php
[2022-03-15 18:43:54]  ArContactusUpgrade_195.php
[2022-03-15 18:43:54]  ArContactusUpgrade_199.php
[2022-03-15 18:43:54]  ArContactusUpgrade_200.php
[2022-03-15 18:43:54]  ArContactusUpgrade_211.php
[2022-03-15 18:43:54]  Store plugin version 2.1.6
[2022-03-15 18:43:54]  ----- END -----

[2022-03-15 19:04:02]  ----- BEGIN -----
[2022-03-15 19:04:02]  Old version 2.1.6
[2022-03-15 19:04:02]  Migrations found: 
[2022-03-15 19:04:02]  ArContactusUpgrade_157.php
[2022-03-15 19:04:02]  ArContactusUpgrade_160.php
[2022-03-15 19:04:02]  ArContactusUpgrade_180.php
[2022-03-15 19:04:02]  ArContactusUpgrade_182.php
[2022-03-15 19:04:02]  ArContactusUpgrade_195.php
[2022-03-15 19:04:02]  ArContactusUpgrade_199.php
[2022-03-15 19:04:02]  ArContactusUpgrade_200.php
[2022-03-15 19:04:02]  ArContactusUpgrade_211.php
[2022-03-15 19:04:02]  Store plugin version 2.1.6
[2022-03-15 19:04:02]  ----- END -----

[2022-03-15 19:42:43]  ----- BEGIN -----
[2022-03-15 19:42:43]  Old version 2.1.6
[2022-03-15 19:42:43]  Migrations found: 
[2022-03-15 19:42:43]  ArContactusUpgrade_157.php
[2022-03-15 19:42:43]  ArContactusUpgrade_160.php
[2022-03-15 19:42:43]  ArContactusUpgrade_180.php
[2022-03-15 19:42:43]  ArContactusUpgrade_182.php
[2022-03-15 19:42:43]  ArContactusUpgrade_195.php
[2022-03-15 19:42:43]  ArContactusUpgrade_199.php
[2022-03-15 19:42:43]  ArContactusUpgrade_200.php
[2022-03-15 19:42:43]  ArContactusUpgrade_211.php
[2022-03-15 19:42:43]  Store plugin version 2.1.6
[2022-03-15 19:42:43]  ----- END -----

[2022-03-15 19:43:22]  ----- BEGIN -----
[2022-03-15 19:43:22]  Old version 2.1.6
[2022-03-15 19:43:22]  Migrations found: 
[2022-03-15 19:43:22]  ArContactusUpgrade_157.php
[2022-03-15 19:43:22]  ArContactusUpgrade_160.php
[2022-03-15 19:43:22]  ArContactusUpgrade_180.php
[2022-03-15 19:43:22]  ArContactusUpgrade_182.php
[2022-03-15 19:43:22]  ArContactusUpgrade_195.php
[2022-03-15 19:43:22]  ArContactusUpgrade_199.php
[2022-03-15 19:43:22]  ArContactusUpgrade_200.php
[2022-03-15 19:43:22]  ArContactusUpgrade_211.php
[2022-03-15 19:43:22]  Store plugin version 2.1.6
[2022-03-15 19:43:22]  ----- END -----

[2022-03-15 19:43:37]  ----- BEGIN -----
[2022-03-15 19:43:37]  Old version 2.1.6
[2022-03-15 19:43:37]  Migrations found: 
[2022-03-15 19:43:37]  ArContactusUpgrade_157.php
[2022-03-15 19:43:37]  ArContactusUpgrade_160.php
[2022-03-15 19:43:37]  ArContactusUpgrade_180.php
[2022-03-15 19:43:37]  ArContactusUpgrade_182.php
[2022-03-15 19:43:37]  ArContactusUpgrade_195.php
[2022-03-15 19:43:37]  ArContactusUpgrade_199.php
[2022-03-15 19:43:37]  ArContactusUpgrade_200.php
[2022-03-15 19:43:37]  ArContactusUpgrade_211.php
[2022-03-15 19:43:37]  Store plugin version 2.1.6
[2022-03-15 19:43:37]  ----- END -----

[2022-03-15 19:44:15]  ----- BEGIN -----
[2022-03-15 19:44:15]  Old version 2.1.6
[2022-03-15 19:44:15]  Migrations found: 
[2022-03-15 19:44:15]  ArContactusUpgrade_157.php
[2022-03-15 19:44:15]  ArContactusUpgrade_160.php
[2022-03-15 19:44:15]  ArContactusUpgrade_180.php
[2022-03-15 19:44:15]  ArContactusUpgrade_182.php
[2022-03-15 19:44:15]  ArContactusUpgrade_195.php
[2022-03-15 19:44:15]  ArContactusUpgrade_199.php
[2022-03-15 19:44:15]  ArContactusUpgrade_200.php
[2022-03-15 19:44:15]  ArContactusUpgrade_211.php
[2022-03-15 19:44:15]  Store plugin version 2.1.6
[2022-03-15 19:44:15]  ----- END -----

[2022-03-15 19:44:24]  ----- BEGIN -----
[2022-03-15 19:44:24]  Old version 2.1.6
[2022-03-15 19:44:24]  Migrations found: 
[2022-03-15 19:44:24]  ArContactusUpgrade_157.php
[2022-03-15 19:44:24]  ArContactusUpgrade_160.php
[2022-03-15 19:44:24]  ArContactusUpgrade_180.php
[2022-03-15 19:44:24]  ArContactusUpgrade_182.php
[2022-03-15 19:44:24]  ArContactusUpgrade_195.php
[2022-03-15 19:44:24]  ArContactusUpgrade_199.php
[2022-03-15 19:44:24]  ArContactusUpgrade_200.php
[2022-03-15 19:44:24]  ArContactusUpgrade_211.php
[2022-03-15 19:44:24]  Store plugin version 2.1.6
[2022-03-15 19:44:24]  ----- END -----

[2022-03-15 19:44:33]  ----- BEGIN -----
[2022-03-15 19:44:33]  Old version 2.1.6
[2022-03-15 19:44:33]  Migrations found: 
[2022-03-15 19:44:33]  ArContactusUpgrade_157.php
[2022-03-15 19:44:33]  ArContactusUpgrade_160.php
[2022-03-15 19:44:33]  ArContactusUpgrade_180.php
[2022-03-15 19:44:33]  ArContactusUpgrade_182.php
[2022-03-15 19:44:33]  ArContactusUpgrade_195.php
[2022-03-15 19:44:33]  ArContactusUpgrade_199.php
[2022-03-15 19:44:33]  ArContactusUpgrade_200.php
[2022-03-15 19:44:33]  ArContactusUpgrade_211.php
[2022-03-15 19:44:33]  Store plugin version 2.1.6
[2022-03-15 19:44:33]  ----- END -----

[2022-03-15 19:44:42]  ----- BEGIN -----
[2022-03-15 19:44:42]  Old version 2.1.6
[2022-03-15 19:44:42]  Migrations found: 
[2022-03-15 19:44:42]  ArContactusUpgrade_157.php
[2022-03-15 19:44:42]  ArContactusUpgrade_160.php
[2022-03-15 19:44:42]  ArContactusUpgrade_180.php
[2022-03-15 19:44:42]  ArContactusUpgrade_182.php
[2022-03-15 19:44:42]  ArContactusUpgrade_195.php
[2022-03-15 19:44:42]  ArContactusUpgrade_199.php
[2022-03-15 19:44:42]  ArContactusUpgrade_200.php
[2022-03-15 19:44:42]  ArContactusUpgrade_211.php
[2022-03-15 19:44:42]  Store plugin version 2.1.6
[2022-03-15 19:44:42]  ----- END -----

[2022-03-15 19:44:48]  ----- BEGIN -----
[2022-03-15 19:44:48]  Old version 2.1.6
[2022-03-15 19:44:48]  Migrations found: 
[2022-03-15 19:44:48]  ArContactusUpgrade_157.php
[2022-03-15 19:44:48]  ArContactusUpgrade_160.php
[2022-03-15 19:44:48]  ArContactusUpgrade_180.php
[2022-03-15 19:44:48]  ArContactusUpgrade_182.php
[2022-03-15 19:44:48]  ArContactusUpgrade_195.php
[2022-03-15 19:44:48]  ArContactusUpgrade_199.php
[2022-03-15 19:44:48]  ArContactusUpgrade_200.php
[2022-03-15 19:44:48]  ArContactusUpgrade_211.php
[2022-03-15 19:44:48]  Store plugin version 2.1.6
[2022-03-15 19:44:48]  ----- END -----

[2022-03-15 19:45:03]  ----- BEGIN -----
[2022-03-15 19:45:03]  Old version 2.1.6
[2022-03-15 19:45:03]  Migrations found: 
[2022-03-15 19:45:03]  ArContactusUpgrade_157.php
[2022-03-15 19:45:03]  ArContactusUpgrade_160.php
[2022-03-15 19:45:03]  ArContactusUpgrade_180.php
[2022-03-15 19:45:03]  ArContactusUpgrade_182.php
[2022-03-15 19:45:03]  ArContactusUpgrade_195.php
[2022-03-15 19:45:03]  ArContactusUpgrade_199.php
[2022-03-15 19:45:03]  ArContactusUpgrade_200.php
[2022-03-15 19:45:03]  ArContactusUpgrade_211.php
[2022-03-15 19:45:03]  Store plugin version 2.1.6
[2022-03-15 19:45:03]  ----- END -----

[2022-03-15 19:45:11]  ----- BEGIN -----
[2022-03-15 19:45:11]  Old version 2.1.6
[2022-03-15 19:45:11]  Migrations found: 
[2022-03-15 19:45:11]  ArContactusUpgrade_157.php
[2022-03-15 19:45:11]  ArContactusUpgrade_160.php
[2022-03-15 19:45:11]  ArContactusUpgrade_180.php
[2022-03-15 19:45:11]  ArContactusUpgrade_182.php
[2022-03-15 19:45:11]  ArContactusUpgrade_195.php
[2022-03-15 19:45:11]  ArContactusUpgrade_199.php
[2022-03-15 19:45:11]  ArContactusUpgrade_200.php
[2022-03-15 19:45:11]  ArContactusUpgrade_211.php
[2022-03-15 19:45:11]  Store plugin version 2.1.6
[2022-03-15 19:45:11]  ----- END -----

[2022-03-15 19:45:23]  ----- BEGIN -----
[2022-03-15 19:45:23]  Old version 2.1.6
[2022-03-15 19:45:23]  Migrations found: 
[2022-03-15 19:45:23]  ArContactusUpgrade_157.php
[2022-03-15 19:45:23]  ArContactusUpgrade_160.php
[2022-03-15 19:45:23]  ArContactusUpgrade_180.php
[2022-03-15 19:45:23]  ArContactusUpgrade_182.php
[2022-03-15 19:45:23]  ArContactusUpgrade_195.php
[2022-03-15 19:45:23]  ArContactusUpgrade_199.php
[2022-03-15 19:45:23]  ArContactusUpgrade_200.php
[2022-03-15 19:45:23]  ArContactusUpgrade_211.php
[2022-03-15 19:45:23]  Store plugin version 2.1.6
[2022-03-15 19:45:23]  ----- END -----

[2022-03-15 19:45:35]  ----- BEGIN -----
[2022-03-15 19:45:35]  Old version 2.1.6
[2022-03-15 19:45:35]  Migrations found: 
[2022-03-15 19:45:35]  ArContactusUpgrade_157.php
[2022-03-15 19:45:35]  ArContactusUpgrade_160.php
[2022-03-15 19:45:35]  ArContactusUpgrade_180.php
[2022-03-15 19:45:35]  ArContactusUpgrade_182.php
[2022-03-15 19:45:35]  ArContactusUpgrade_195.php
[2022-03-15 19:45:35]  ArContactusUpgrade_199.php
[2022-03-15 19:45:35]  ArContactusUpgrade_200.php
[2022-03-15 19:45:35]  ArContactusUpgrade_211.php
[2022-03-15 19:45:35]  Store plugin version 2.1.6
[2022-03-15 19:45:35]  ----- END -----

[2022-03-15 19:45:46]  ----- BEGIN -----
[2022-03-15 19:45:46]  Old version 2.1.6
[2022-03-15 19:45:46]  Migrations found: 
[2022-03-15 19:45:46]  ArContactusUpgrade_157.php
[2022-03-15 19:45:46]  ArContactusUpgrade_160.php
[2022-03-15 19:45:46]  ArContactusUpgrade_180.php
[2022-03-15 19:45:46]  ArContactusUpgrade_182.php
[2022-03-15 19:45:46]  ArContactusUpgrade_195.php
[2022-03-15 19:45:46]  ArContactusUpgrade_199.php
[2022-03-15 19:45:46]  ArContactusUpgrade_200.php
[2022-03-15 19:45:46]  ArContactusUpgrade_211.php
[2022-03-15 19:45:47]  Store plugin version 2.1.6
[2022-03-15 19:45:47]  ----- END -----

[2022-03-15 19:46:10]  ----- BEGIN -----
[2022-03-15 19:46:10]  Old version 2.1.6
[2022-03-15 19:46:10]  Migrations found: 
[2022-03-15 19:46:10]  ArContactusUpgrade_157.php
[2022-03-15 19:46:10]  ArContactusUpgrade_160.php
[2022-03-15 19:46:10]  ArContactusUpgrade_180.php
[2022-03-15 19:46:10]  ArContactusUpgrade_182.php
[2022-03-15 19:46:10]  ArContactusUpgrade_195.php
[2022-03-15 19:46:10]  ArContactusUpgrade_199.php
[2022-03-15 19:46:10]  ArContactusUpgrade_200.php
[2022-03-15 19:46:10]  ArContactusUpgrade_211.php
[2022-03-15 19:46:10]  Store plugin version 2.1.6
[2022-03-15 19:46:10]  ----- END -----

[2022-03-15 19:46:22]  ----- BEGIN -----
[2022-03-15 19:46:22]  Old version 2.1.6
[2022-03-15 19:46:22]  Migrations found: 
[2022-03-15 19:46:22]  ArContactusUpgrade_157.php
[2022-03-15 19:46:22]  ArContactusUpgrade_160.php
[2022-03-15 19:46:22]  ArContactusUpgrade_180.php
[2022-03-15 19:46:22]  ArContactusUpgrade_182.php
[2022-03-15 19:46:22]  ArContactusUpgrade_195.php
[2022-03-15 19:46:22]  ArContactusUpgrade_199.php
[2022-03-15 19:46:22]  ArContactusUpgrade_200.php
[2022-03-15 19:46:22]  ArContactusUpgrade_211.php
[2022-03-15 19:46:22]  Store plugin version 2.1.6
[2022-03-15 19:46:22]  ----- END -----

[2022-03-15 19:46:39]  ----- BEGIN -----
[2022-03-15 19:46:39]  Old version 2.1.6
[2022-03-15 19:46:39]  Migrations found: 
[2022-03-15 19:46:39]  ArContactusUpgrade_157.php
[2022-03-15 19:46:39]  ArContactusUpgrade_160.php
[2022-03-15 19:46:39]  ArContactusUpgrade_180.php
[2022-03-15 19:46:39]  ArContactusUpgrade_182.php
[2022-03-15 19:46:39]  ArContactusUpgrade_195.php
[2022-03-15 19:46:39]  ArContactusUpgrade_199.php
[2022-03-15 19:46:39]  ArContactusUpgrade_200.php
[2022-03-15 19:46:39]  ArContactusUpgrade_211.php
[2022-03-15 19:46:39]  Store plugin version 2.1.6
[2022-03-15 19:46:39]  ----- END -----

[2022-03-15 19:52:04]  ----- BEGIN -----
[2022-03-15 19:52:04]  Old version 2.1.6
[2022-03-15 19:52:04]  Migrations found: 
[2022-03-15 19:52:04]  ArContactusUpgrade_157.php
[2022-03-15 19:52:04]  ArContactusUpgrade_160.php
[2022-03-15 19:52:04]  ArContactusUpgrade_180.php
[2022-03-15 19:52:04]  ArContactusUpgrade_182.php
[2022-03-15 19:52:04]  ArContactusUpgrade_195.php
[2022-03-15 19:52:04]  ArContactusUpgrade_199.php
[2022-03-15 19:52:04]  ArContactusUpgrade_200.php
[2022-03-15 19:52:04]  ArContactusUpgrade_211.php
[2022-03-15 19:52:04]  Store plugin version 2.1.6
[2022-03-15 19:52:04]  ----- END -----

[2022-03-15 19:52:19]  ----- BEGIN -----
[2022-03-15 19:52:19]  Old version 2.1.6
[2022-03-15 19:52:19]  Migrations found: 
[2022-03-15 19:52:19]  ArContactusUpgrade_157.php
[2022-03-15 19:52:19]  ArContactusUpgrade_160.php
[2022-03-15 19:52:19]  ArContactusUpgrade_180.php
[2022-03-15 19:52:19]  ArContactusUpgrade_182.php
[2022-03-15 19:52:19]  ArContactusUpgrade_195.php
[2022-03-15 19:52:19]  ArContactusUpgrade_199.php
[2022-03-15 19:52:19]  ArContactusUpgrade_200.php
[2022-03-15 19:52:19]  ArContactusUpgrade_211.php
[2022-03-15 19:52:19]  Store plugin version 2.1.6
[2022-03-15 19:52:19]  ----- END -----

[2022-03-15 20:37:11]  ----- BEGIN -----
[2022-03-15 20:37:11]  Old version 2.1.6
[2022-03-15 20:37:11]  Migrations found: 
[2022-03-15 20:37:11]  ArContactusUpgrade_157.php
[2022-03-15 20:37:11]  ArContactusUpgrade_160.php
[2022-03-15 20:37:11]  ArContactusUpgrade_180.php
[2022-03-15 20:37:11]  ArContactusUpgrade_182.php
[2022-03-15 20:37:11]  ArContactusUpgrade_195.php
[2022-03-15 20:37:11]  ArContactusUpgrade_199.php
[2022-03-15 20:37:11]  ArContactusUpgrade_200.php
[2022-03-15 20:37:11]  ArContactusUpgrade_211.php
[2022-03-15 20:37:11]  Store plugin version 2.1.6
[2022-03-15 20:37:11]  ----- END -----

[2022-03-15 22:53:53]  ----- BEGIN -----
[2022-03-15 22:53:53]  Old version 2.1.6
[2022-03-15 22:53:53]  Migrations found: 
[2022-03-15 22:53:53]  ArContactusUpgrade_157.php
[2022-03-15 22:53:53]  ArContactusUpgrade_160.php
[2022-03-15 22:53:53]  ArContactusUpgrade_180.php
[2022-03-15 22:53:53]  ArContactusUpgrade_182.php
[2022-03-15 22:53:53]  ArContactusUpgrade_195.php
[2022-03-15 22:53:53]  ArContactusUpgrade_199.php
[2022-03-15 22:53:53]  ArContactusUpgrade_200.php
[2022-03-15 22:53:53]  ArContactusUpgrade_211.php
[2022-03-15 22:53:53]  Store plugin version 2.1.6
[2022-03-15 22:53:53]  ----- END -----

[2022-03-15 22:55:30]  ----- BEGIN -----
[2022-03-15 22:55:30]  Old version 2.1.6
[2022-03-15 22:55:30]  Migrations found: 
[2022-03-15 22:55:30]  ArContactusUpgrade_157.php
[2022-03-15 22:55:30]  ArContactusUpgrade_160.php
[2022-03-15 22:55:30]  ArContactusUpgrade_180.php
[2022-03-15 22:55:30]  ArContactusUpgrade_182.php
[2022-03-15 22:55:30]  ArContactusUpgrade_195.php
[2022-03-15 22:55:30]  ArContactusUpgrade_199.php
[2022-03-15 22:55:30]  ArContactusUpgrade_200.php
[2022-03-15 22:55:30]  ArContactusUpgrade_211.php
[2022-03-15 22:55:30]  Store plugin version 2.1.6
[2022-03-15 22:55:30]  ----- END -----

[2022-03-15 22:55:41]  ----- BEGIN -----
[2022-03-15 22:55:41]  Old version 2.1.6
[2022-03-15 22:55:41]  Migrations found: 
[2022-03-15 22:55:41]  ArContactusUpgrade_157.php
[2022-03-15 22:55:41]  ArContactusUpgrade_160.php
[2022-03-15 22:55:41]  ArContactusUpgrade_180.php
[2022-03-15 22:55:41]  ArContactusUpgrade_182.php
[2022-03-15 22:55:41]  ArContactusUpgrade_195.php
[2022-03-15 22:55:41]  ArContactusUpgrade_199.php
[2022-03-15 22:55:41]  ArContactusUpgrade_200.php
[2022-03-15 22:55:41]  ArContactusUpgrade_211.php
[2022-03-15 22:55:41]  Store plugin version 2.1.6
[2022-03-15 22:55:41]  ----- END -----

[2022-03-15 23:01:01]  ----- BEGIN -----
[2022-03-15 23:01:01]  Old version 2.1.6
[2022-03-15 23:01:01]  Migrations found: 
[2022-03-15 23:01:01]  ArContactusUpgrade_157.php
[2022-03-15 23:01:01]  ArContactusUpgrade_160.php
[2022-03-15 23:01:01]  ArContactusUpgrade_180.php
[2022-03-15 23:01:01]  ArContactusUpgrade_182.php
[2022-03-15 23:01:01]  ArContactusUpgrade_195.php
[2022-03-15 23:01:01]  ArContactusUpgrade_199.php
[2022-03-15 23:01:01]  ArContactusUpgrade_200.php
[2022-03-15 23:01:01]  ArContactusUpgrade_211.php
[2022-03-15 23:01:01]  Store plugin version 2.1.6
[2022-03-15 23:01:01]  ----- END -----

[2022-03-15 23:15:10]  ----- BEGIN -----
[2022-03-15 23:15:10]  Old version 2.1.6
[2022-03-15 23:15:10]  Migrations found: 
[2022-03-15 23:15:10]  ArContactusUpgrade_157.php
[2022-03-15 23:15:10]  ArContactusUpgrade_160.php
[2022-03-15 23:15:10]  ArContactusUpgrade_180.php
[2022-03-15 23:15:10]  ArContactusUpgrade_182.php
[2022-03-15 23:15:10]  ArContactusUpgrade_195.php
[2022-03-15 23:15:10]  ArContactusUpgrade_199.php
[2022-03-15 23:15:10]  ArContactusUpgrade_200.php
[2022-03-15 23:15:10]  ArContactusUpgrade_211.php
[2022-03-15 23:15:10]  Store plugin version 2.1.6
[2022-03-15 23:15:10]  ----- END -----

[2022-03-19 16:37:06]  ----- BEGIN -----
[2022-03-19 16:37:06]  Old version 2.1.6
[2022-03-19 16:37:06]  Migrations found: 
[2022-03-19 16:37:06]  ArContactusUpgrade_157.php
[2022-03-19 16:37:06]  ArContactusUpgrade_160.php
[2022-03-19 16:37:06]  ArContactusUpgrade_180.php
[2022-03-19 16:37:06]  ArContactusUpgrade_182.php
[2022-03-19 16:37:06]  ArContactusUpgrade_195.php
[2022-03-19 16:37:06]  ArContactusUpgrade_199.php
[2022-03-19 16:37:06]  ArContactusUpgrade_200.php
[2022-03-19 16:37:06]  ArContactusUpgrade_211.php
[2022-03-19 16:37:07]  Store plugin version 2.1.6
[2022-03-19 16:37:07]  ----- END -----

[2022-03-26 06:09:58]  ----- BEGIN -----
[2022-03-26 06:09:58]  Old version 2.1.6
[2022-03-26 06:09:58]  Migrations found: 
[2022-03-26 06:09:58]  ArContactusUpgrade_157.php
[2022-03-26 06:09:58]  ArContactusUpgrade_160.php
[2022-03-26 06:09:58]  ArContactusUpgrade_180.php
[2022-03-26 06:09:58]  ArContactusUpgrade_182.php
[2022-03-26 06:09:58]  ArContactusUpgrade_195.php
[2022-03-26 06:09:58]  ArContactusUpgrade_199.php
[2022-03-26 06:09:58]  ArContactusUpgrade_200.php
[2022-03-26 06:09:58]  ArContactusUpgrade_211.php
[2022-03-26 06:09:58]  Store plugin version 2.1.6
[2022-03-26 06:09:58]  ----- END -----

[2022-03-26 09:24:56]  ----- BEGIN -----
[2022-03-26 09:24:56]  Old version 2.1.6
[2022-03-26 09:24:56]  Migrations found: 
[2022-03-26 09:24:56]  ArContactusUpgrade_157.php
[2022-03-26 09:24:56]  ArContactusUpgrade_160.php
[2022-03-26 09:24:56]  ArContactusUpgrade_180.php
[2022-03-26 09:24:56]  ArContactusUpgrade_182.php
[2022-03-26 09:24:56]  ArContactusUpgrade_195.php
[2022-03-26 09:24:56]  ArContactusUpgrade_199.php
[2022-03-26 09:24:56]  ArContactusUpgrade_200.php
[2022-03-26 09:24:56]  ArContactusUpgrade_211.php
[2022-03-26 09:24:56]  Store plugin version 2.1.6
[2022-03-26 09:24:56]  ----- END -----

[2022-03-26 09:37:18]  ----- BEGIN -----
[2022-03-26 09:37:18]  Old version 2.1.6
[2022-03-26 09:37:18]  Migrations found: 
[2022-03-26 09:37:18]  ArContactusUpgrade_157.php
[2022-03-26 09:37:18]  ArContactusUpgrade_160.php
[2022-03-26 09:37:18]  ArContactusUpgrade_180.php
[2022-03-26 09:37:18]  ArContactusUpgrade_182.php
[2022-03-26 09:37:18]  ArContactusUpgrade_195.php
[2022-03-26 09:37:18]  ArContactusUpgrade_199.php
[2022-03-26 09:37:18]  ArContactusUpgrade_200.php
[2022-03-26 09:37:18]  ArContactusUpgrade_211.php
[2022-03-26 09:37:19]  Store plugin version 2.1.6
[2022-03-26 09:37:19]  ----- END -----

[2022-03-27 19:30:07]  ----- BEGIN -----
[2022-03-27 19:30:07]  Old version 2.1.6
[2022-03-27 19:30:07]  Migrations found: 
[2022-03-27 19:30:07]  ArContactusUpgrade_157.php
[2022-03-27 19:30:07]  ArContactusUpgrade_160.php
[2022-03-27 19:30:07]  ArContactusUpgrade_180.php
[2022-03-27 19:30:07]  ArContactusUpgrade_182.php
[2022-03-27 19:30:07]  ArContactusUpgrade_195.php
[2022-03-27 19:30:07]  ArContactusUpgrade_199.php
[2022-03-27 19:30:07]  ArContactusUpgrade_200.php
[2022-03-27 19:30:07]  ArContactusUpgrade_211.php
[2022-03-27 19:30:07]  Store plugin version 2.1.6
[2022-03-27 19:30:07]  ----- END -----

[2022-03-27 21:13:23]  ----- BEGIN -----
[2022-03-27 21:13:23]  Old version 2.1.6
[2022-03-27 21:13:23]  Migrations found: 
[2022-03-27 21:13:23]  ArContactusUpgrade_157.php
[2022-03-27 21:13:23]  ArContactusUpgrade_160.php
[2022-03-27 21:13:23]  ArContactusUpgrade_180.php
[2022-03-27 21:13:23]  ArContactusUpgrade_182.php
[2022-03-27 21:13:23]  ArContactusUpgrade_195.php
[2022-03-27 21:13:23]  ArContactusUpgrade_199.php
[2022-03-27 21:13:23]  ArContactusUpgrade_200.php
[2022-03-27 21:13:23]  ArContactusUpgrade_211.php
[2022-03-27 21:13:23]  Store plugin version 2.1.6
[2022-03-27 21:13:23]  ----- END -----

[2022-03-30 20:37:27]  ----- BEGIN -----
[2022-03-30 20:37:27]  Old version 2.1.6
[2022-03-30 20:37:27]  Migrations found: 
[2022-03-30 20:37:27]  ArContactusUpgrade_157.php
[2022-03-30 20:37:27]  ArContactusUpgrade_160.php
[2022-03-30 20:37:27]  ArContactusUpgrade_180.php
[2022-03-30 20:37:27]  ArContactusUpgrade_182.php
[2022-03-30 20:37:27]  ArContactusUpgrade_195.php
[2022-03-30 20:37:27]  ArContactusUpgrade_199.php
[2022-03-30 20:37:27]  ArContactusUpgrade_200.php
[2022-03-30 20:37:27]  ArContactusUpgrade_211.php
[2022-03-30 20:37:27]  Store plugin version 2.1.6
[2022-03-30 20:37:27]  ----- END -----

[2022-03-30 20:37:33]  ----- BEGIN -----
[2022-03-30 20:37:33]  Old version 2.1.6
[2022-03-30 20:37:33]  Migrations found: 
[2022-03-30 20:37:33]  ArContactusUpgrade_157.php
[2022-03-30 20:37:33]  ArContactusUpgrade_160.php
[2022-03-30 20:37:33]  ArContactusUpgrade_180.php
[2022-03-30 20:37:33]  ArContactusUpgrade_182.php
[2022-03-30 20:37:33]  ArContactusUpgrade_195.php
[2022-03-30 20:37:33]  ArContactusUpgrade_199.php
[2022-03-30 20:37:33]  ArContactusUpgrade_200.php
[2022-03-30 20:37:33]  ArContactusUpgrade_211.php
[2022-03-30 20:37:33]  Store plugin version 2.1.6
[2022-03-30 20:37:33]  ----- END -----

[2022-03-30 20:39:54]  ----- BEGIN -----
[2022-03-30 20:39:54]  Old version 2.1.6
[2022-03-30 20:39:54]  Migrations found: 
[2022-03-30 20:39:54]  ArContactusUpgrade_157.php
[2022-03-30 20:39:54]  ArContactusUpgrade_160.php
[2022-03-30 20:39:54]  ArContactusUpgrade_180.php
[2022-03-30 20:39:54]  ArContactusUpgrade_182.php
[2022-03-30 20:39:54]  ArContactusUpgrade_195.php
[2022-03-30 20:39:54]  ArContactusUpgrade_199.php
[2022-03-30 20:39:54]  ArContactusUpgrade_200.php
[2022-03-30 20:39:54]  ArContactusUpgrade_211.php
[2022-03-30 20:39:54]  Store plugin version 2.1.6
[2022-03-30 20:39:54]  ----- END -----

[2022-03-30 20:40:13]  ----- BEGIN -----
[2022-03-30 20:40:13]  Old version 2.1.6
[2022-03-30 20:40:13]  Migrations found: 
[2022-03-30 20:40:13]  ArContactusUpgrade_157.php
[2022-03-30 20:40:13]  ArContactusUpgrade_160.php
[2022-03-30 20:40:13]  ArContactusUpgrade_180.php
[2022-03-30 20:40:13]  ArContactusUpgrade_182.php
[2022-03-30 20:40:13]  ArContactusUpgrade_195.php
[2022-03-30 20:40:13]  ArContactusUpgrade_199.php
[2022-03-30 20:40:13]  ArContactusUpgrade_200.php
[2022-03-30 20:40:13]  ArContactusUpgrade_211.php
[2022-03-30 20:40:13]  Store plugin version 2.1.6
[2022-03-30 20:40:13]  ----- END -----

[2022-03-30 20:42:07]  ----- BEGIN -----
[2022-03-30 20:42:07]  Old version 2.1.6
[2022-03-30 20:42:07]  Migrations found: 
[2022-03-30 20:42:07]  ArContactusUpgrade_157.php
[2022-03-30 20:42:07]  ArContactusUpgrade_160.php
[2022-03-30 20:42:07]  ArContactusUpgrade_180.php
[2022-03-30 20:42:07]  ArContactusUpgrade_182.php
[2022-03-30 20:42:07]  ArContactusUpgrade_195.php
[2022-03-30 20:42:07]  ArContactusUpgrade_199.php
[2022-03-30 20:42:07]  ArContactusUpgrade_200.php
[2022-03-30 20:42:07]  ArContactusUpgrade_211.php
[2022-03-30 20:42:07]  Store plugin version 2.1.6
[2022-03-30 20:42:07]  ----- END -----

[2022-03-30 20:42:19]  ----- BEGIN -----
[2022-03-30 20:42:19]  Old version 2.1.6
[2022-03-30 20:42:19]  Migrations found: 
[2022-03-30 20:42:19]  ArContactusUpgrade_157.php
[2022-03-30 20:42:19]  ArContactusUpgrade_160.php
[2022-03-30 20:42:19]  ArContactusUpgrade_180.php
[2022-03-30 20:42:19]  ArContactusUpgrade_182.php
[2022-03-30 20:42:19]  ArContactusUpgrade_195.php
[2022-03-30 20:42:19]  ArContactusUpgrade_199.php
[2022-03-30 20:42:19]  ArContactusUpgrade_200.php
[2022-03-30 20:42:19]  ArContactusUpgrade_211.php
[2022-03-30 20:42:19]  Store plugin version 2.1.6
[2022-03-30 20:42:19]  ----- END -----

[2022-03-30 20:42:29]  ----- BEGIN -----
[2022-03-30 20:42:29]  Old version 2.1.6
[2022-03-30 20:42:29]  Migrations found: 
[2022-03-30 20:42:29]  ArContactusUpgrade_157.php
[2022-03-30 20:42:29]  ArContactusUpgrade_160.php
[2022-03-30 20:42:29]  ArContactusUpgrade_180.php
[2022-03-30 20:42:29]  ArContactusUpgrade_182.php
[2022-03-30 20:42:29]  ArContactusUpgrade_195.php
[2022-03-30 20:42:29]  ArContactusUpgrade_199.php
[2022-03-30 20:42:29]  ArContactusUpgrade_200.php
[2022-03-30 20:42:29]  ArContactusUpgrade_211.php
[2022-03-30 20:42:29]  Store plugin version 2.1.6
[2022-03-30 20:42:29]  ----- END -----

[2022-03-30 20:42:43]  ----- BEGIN -----
[2022-03-30 20:42:43]  Old version 2.1.6
[2022-03-30 20:42:43]  Migrations found: 
[2022-03-30 20:42:43]  ArContactusUpgrade_157.php
[2022-03-30 20:42:43]  ArContactusUpgrade_160.php
[2022-03-30 20:42:43]  ArContactusUpgrade_180.php
[2022-03-30 20:42:43]  ArContactusUpgrade_182.php
[2022-03-30 20:42:43]  ArContactusUpgrade_195.php
[2022-03-30 20:42:43]  ArContactusUpgrade_199.php
[2022-03-30 20:42:43]  ArContactusUpgrade_200.php
[2022-03-30 20:42:43]  ArContactusUpgrade_211.php
[2022-03-30 20:42:43]  Store plugin version 2.1.6
[2022-03-30 20:42:43]  ----- END -----

[2022-03-30 22:14:26]  ----- BEGIN -----
[2022-03-30 22:14:26]  Old version 2.1.6
[2022-03-30 22:14:26]  Migrations found: 
[2022-03-30 22:14:26]  ArContactusUpgrade_157.php
[2022-03-30 22:14:26]  ArContactusUpgrade_160.php
[2022-03-30 22:14:26]  ArContactusUpgrade_180.php
[2022-03-30 22:14:26]  ArContactusUpgrade_182.php
[2022-03-30 22:14:26]  ArContactusUpgrade_195.php
[2022-03-30 22:14:26]  ArContactusUpgrade_199.php
[2022-03-30 22:14:26]  ArContactusUpgrade_200.php
[2022-03-30 22:14:26]  ArContactusUpgrade_211.php
[2022-03-30 22:14:26]  Store plugin version 2.1.6
[2022-03-30 22:14:26]  ----- END -----

[2022-03-30 22:43:52]  ----- BEGIN -----
[2022-03-30 22:43:52]  Old version 2.1.6
[2022-03-30 22:43:52]  Migrations found: 
[2022-03-30 22:43:52]  ArContactusUpgrade_157.php
[2022-03-30 22:43:52]  ArContactusUpgrade_160.php
[2022-03-30 22:43:52]  ArContactusUpgrade_180.php
[2022-03-30 22:43:52]  ArContactusUpgrade_182.php
[2022-03-30 22:43:52]  ArContactusUpgrade_195.php
[2022-03-30 22:43:52]  ArContactusUpgrade_199.php
[2022-03-30 22:43:52]  ArContactusUpgrade_200.php
[2022-03-30 22:43:52]  ArContactusUpgrade_211.php
[2022-03-30 22:43:52]  Store plugin version 2.1.6
[2022-03-30 22:43:52]  ----- END -----

[2022-04-04 19:58:25]  ----- BEGIN -----
[2022-04-04 19:58:25]  Old version 2.1.6
[2022-04-04 19:58:25]  Migrations found: 
[2022-04-04 19:58:25]  ArContactusUpgrade_157.php
[2022-04-04 19:58:25]  ArContactusUpgrade_160.php
[2022-04-04 19:58:25]  ArContactusUpgrade_180.php
[2022-04-04 19:58:25]  ArContactusUpgrade_182.php
[2022-04-04 19:58:25]  ArContactusUpgrade_195.php
[2022-04-04 19:58:25]  ArContactusUpgrade_199.php
[2022-04-04 19:58:25]  ArContactusUpgrade_200.php
[2022-04-04 19:58:25]  ArContactusUpgrade_211.php
[2022-04-04 19:58:25]  Store plugin version 2.1.6
[2022-04-04 19:58:25]  ----- END -----

[2022-04-04 20:00:47]  ----- BEGIN -----
[2022-04-04 20:00:47]  Old version 2.1.6
[2022-04-04 20:00:47]  Migrations found: 
[2022-04-04 20:00:47]  ArContactusUpgrade_157.php
[2022-04-04 20:00:47]  ArContactusUpgrade_160.php
[2022-04-04 20:00:47]  ArContactusUpgrade_180.php
[2022-04-04 20:00:47]  ArContactusUpgrade_182.php
[2022-04-04 20:00:47]  ArContactusUpgrade_195.php
[2022-04-04 20:00:47]  ArContactusUpgrade_199.php
[2022-04-04 20:00:47]  ArContactusUpgrade_200.php
[2022-04-04 20:00:47]  ArContactusUpgrade_211.php
[2022-04-04 20:00:47]  Store plugin version 2.1.6
[2022-04-04 20:00:47]  ----- END -----

[2022-04-10 18:45:09]  ----- BEGIN -----
[2022-04-10 18:45:09]  Old version 2.1.6
[2022-04-10 18:45:09]  Migrations found: 
[2022-04-10 18:45:09]  ArContactusUpgrade_157.php
[2022-04-10 18:45:09]  ArContactusUpgrade_160.php
[2022-04-10 18:45:09]  ArContactusUpgrade_180.php
[2022-04-10 18:45:09]  ArContactusUpgrade_182.php
[2022-04-10 18:45:09]  ArContactusUpgrade_195.php
[2022-04-10 18:45:09]  ArContactusUpgrade_199.php
[2022-04-10 18:45:09]  ArContactusUpgrade_200.php
[2022-04-10 18:45:09]  ArContactusUpgrade_211.php
[2022-04-10 18:45:09]  Store plugin version 2.1.6
[2022-04-10 18:45:09]  ----- END -----

[2022-04-12 11:45:56]  ----- BEGIN -----
[2022-04-12 11:45:56]  Old version 2.1.6
[2022-04-12 11:45:56]  Migrations found: 
[2022-04-12 11:45:56]  ArContactusUpgrade_157.php
[2022-04-12 11:45:56]  ArContactusUpgrade_160.php
[2022-04-12 11:45:56]  ArContactusUpgrade_180.php
[2022-04-12 11:45:56]  ArContactusUpgrade_182.php
[2022-04-12 11:45:56]  ArContactusUpgrade_195.php
[2022-04-12 11:45:56]  ArContactusUpgrade_199.php
[2022-04-12 11:45:56]  ArContactusUpgrade_200.php
[2022-04-12 11:45:56]  ArContactusUpgrade_211.php
[2022-04-12 11:45:56]  Store plugin version 2.1.6
[2022-04-12 11:45:56]  ----- END -----

[2022-04-28 02:10:49]  ----- BEGIN -----
[2022-04-28 02:10:49]  Old version 2.1.6
[2022-04-28 02:10:49]  Migrations found: 
[2022-04-28 02:10:49]  ArContactusUpgrade_157.php
[2022-04-28 02:10:49]  ArContactusUpgrade_160.php
[2022-04-28 02:10:49]  ArContactusUpgrade_180.php
[2022-04-28 02:10:49]  ArContactusUpgrade_182.php
[2022-04-28 02:10:49]  ArContactusUpgrade_195.php
[2022-04-28 02:10:49]  ArContactusUpgrade_199.php
[2022-04-28 02:10:49]  ArContactusUpgrade_200.php
[2022-04-28 02:10:49]  ArContactusUpgrade_211.php
[2022-04-28 02:10:49]  Store plugin version 2.1.6
[2022-04-28 02:10:49]  ----- END -----

[2022-04-28 02:23:25]  ----- BEGIN -----
[2022-04-28 02:23:25]  Old version 2.1.6
[2022-04-28 02:23:25]  Migrations found: 
[2022-04-28 02:23:25]  ArContactusUpgrade_157.php
[2022-04-28 02:23:25]  ArContactusUpgrade_160.php
[2022-04-28 02:23:25]  ArContactusUpgrade_180.php
[2022-04-28 02:23:25]  ArContactusUpgrade_182.php
[2022-04-28 02:23:25]  ArContactusUpgrade_195.php
[2022-04-28 02:23:25]  ArContactusUpgrade_199.php
[2022-04-28 02:23:25]  ArContactusUpgrade_200.php
[2022-04-28 02:23:25]  ArContactusUpgrade_211.php
[2022-04-28 02:23:25]  Store plugin version 2.1.6
[2022-04-28 02:23:25]  ----- END -----

[2022-04-28 03:05:28]  ----- BEGIN -----
[2022-04-28 03:05:28]  Old version 2.1.6
[2022-04-28 03:05:28]  Migrations found: 
[2022-04-28 03:05:28]  ArContactusUpgrade_157.php
[2022-04-28 03:05:28]  ArContactusUpgrade_160.php
[2022-04-28 03:05:28]  ArContactusUpgrade_180.php
[2022-04-28 03:05:28]  ArContactusUpgrade_182.php
[2022-04-28 03:05:28]  ArContactusUpgrade_195.php
[2022-04-28 03:05:28]  ArContactusUpgrade_199.php
[2022-04-28 03:05:28]  ArContactusUpgrade_200.php
[2022-04-28 03:05:28]  ArContactusUpgrade_211.php
[2022-04-28 03:05:29]  Store plugin version 2.1.6
[2022-04-28 03:05:29]  ----- END -----

[2022-04-28 04:11:48]  ----- BEGIN -----
[2022-04-28 04:11:48]  Old version 2.1.6
[2022-04-28 04:11:48]  Migrations found: 
[2022-04-28 04:11:48]  ArContactusUpgrade_157.php
[2022-04-28 04:11:48]  ArContactusUpgrade_160.php
[2022-04-28 04:11:48]  ArContactusUpgrade_180.php
[2022-04-28 04:11:48]  ArContactusUpgrade_182.php
[2022-04-28 04:11:48]  ArContactusUpgrade_195.php
[2022-04-28 04:11:48]  ArContactusUpgrade_199.php
[2022-04-28 04:11:48]  ArContactusUpgrade_200.php
[2022-04-28 04:11:48]  ArContactusUpgrade_211.php
[2022-04-28 04:11:48]  Store plugin version 2.1.6
[2022-04-28 04:11:48]  ----- END -----

[2022-04-28 09:12:32]  ----- BEGIN -----
[2022-04-28 09:12:32]  Old version 2.1.6
[2022-04-28 09:12:32]  Migrations found: 
[2022-04-28 09:12:32]  ArContactusUpgrade_157.php
[2022-04-28 09:12:32]  ArContactusUpgrade_160.php
[2022-04-28 09:12:32]  ArContactusUpgrade_180.php
[2022-04-28 09:12:32]  ArContactusUpgrade_182.php
[2022-04-28 09:12:32]  ArContactusUpgrade_195.php
[2022-04-28 09:12:32]  ArContactusUpgrade_199.php
[2022-04-28 09:12:32]  ArContactusUpgrade_200.php
[2022-04-28 09:12:32]  ArContactusUpgrade_211.php
[2022-04-28 09:12:32]  Store plugin version 2.1.6
[2022-04-28 09:12:32]  ----- END -----

[2022-04-28 09:13:48]  ----- BEGIN -----
[2022-04-28 09:13:48]  Old version 2.1.6
[2022-04-28 09:13:48]  Migrations found: 
[2022-04-28 09:13:48]  ArContactusUpgrade_157.php
[2022-04-28 09:13:48]  ArContactusUpgrade_160.php
[2022-04-28 09:13:48]  ArContactusUpgrade_180.php
[2022-04-28 09:13:48]  ArContactusUpgrade_182.php
[2022-04-28 09:13:48]  ArContactusUpgrade_195.php
[2022-04-28 09:13:48]  ArContactusUpgrade_199.php
[2022-04-28 09:13:48]  ArContactusUpgrade_200.php
[2022-04-28 09:13:48]  ArContactusUpgrade_211.php
[2022-04-28 09:13:48]  Store plugin version 2.1.6
[2022-04-28 09:13:48]  ----- END -----

[2022-04-28 09:13:55]  ----- BEGIN -----
[2022-04-28 09:13:55]  Old version 2.1.6
[2022-04-28 09:13:55]  Migrations found: 
[2022-04-28 09:13:55]  ArContactusUpgrade_157.php
[2022-04-28 09:13:55]  ArContactusUpgrade_160.php
[2022-04-28 09:13:55]  ArContactusUpgrade_180.php
[2022-04-28 09:13:55]  ArContactusUpgrade_182.php
[2022-04-28 09:13:55]  ArContactusUpgrade_195.php
[2022-04-28 09:13:55]  ArContactusUpgrade_199.php
[2022-04-28 09:13:55]  ArContactusUpgrade_200.php
[2022-04-28 09:13:55]  ArContactusUpgrade_211.php
[2022-04-28 09:13:55]  Store plugin version 2.1.6
[2022-04-28 09:13:55]  ----- END -----

[2022-05-04 14:47:39]  ----- BEGIN -----
[2022-05-04 14:47:39]  Old version 2.1.6
[2022-05-04 14:47:39]  Migrations found: 
[2022-05-04 14:47:39]  ArContactusUpgrade_157.php
[2022-05-04 14:47:39]  ArContactusUpgrade_160.php
[2022-05-04 14:47:39]  ArContactusUpgrade_180.php
[2022-05-04 14:47:39]  ArContactusUpgrade_182.php
[2022-05-04 14:47:39]  ArContactusUpgrade_195.php
[2022-05-04 14:47:39]  ArContactusUpgrade_199.php
[2022-05-04 14:47:39]  ArContactusUpgrade_200.php
[2022-05-04 14:47:39]  ArContactusUpgrade_211.php
[2022-05-04 14:47:39]  Store plugin version 2.1.6
[2022-05-04 14:47:39]  ----- END -----

[2022-05-09 10:10:54]  ----- BEGIN -----
[2022-05-09 10:10:54]  Old version 2.1.6
[2022-05-09 10:10:54]  Migrations found: 
[2022-05-09 10:10:54]  ArContactusUpgrade_157.php
[2022-05-09 10:10:54]  ArContactusUpgrade_160.php
[2022-05-09 10:10:54]  ArContactusUpgrade_180.php
[2022-05-09 10:10:54]  ArContactusUpgrade_182.php
[2022-05-09 10:10:54]  ArContactusUpgrade_195.php
[2022-05-09 10:10:54]  ArContactusUpgrade_199.php
[2022-05-09 10:10:54]  ArContactusUpgrade_200.php
[2022-05-09 10:10:54]  ArContactusUpgrade_211.php
[2022-05-09 10:10:54]  Store plugin version 2.1.6
[2022-05-09 10:10:54]  ----- END -----

[2022-05-13 06:19:49]  ----- BEGIN -----
[2022-05-13 06:19:49]  Old version 2.1.6
[2022-05-13 06:19:49]  Migrations found: 
[2022-05-13 06:19:49]  ArContactusUpgrade_157.php
[2022-05-13 06:19:49]  ArContactusUpgrade_160.php
[2022-05-13 06:19:49]  ArContactusUpgrade_180.php
[2022-05-13 06:19:49]  ArContactusUpgrade_182.php
[2022-05-13 06:19:49]  ArContactusUpgrade_195.php
[2022-05-13 06:19:49]  ArContactusUpgrade_199.php
[2022-05-13 06:19:49]  ArContactusUpgrade_200.php
[2022-05-13 06:19:49]  ArContactusUpgrade_211.php
[2022-05-13 06:19:49]  Store plugin version 2.1.6
[2022-05-13 06:19:49]  ----- END -----

[2022-05-14 05:22:48]  ----- BEGIN -----
[2022-05-14 05:22:48]  Old version 2.1.6
[2022-05-14 05:22:48]  Migrations found: 
[2022-05-14 05:22:48]  ArContactusUpgrade_157.php
[2022-05-14 05:22:48]  ArContactusUpgrade_160.php
[2022-05-14 05:22:48]  ArContactusUpgrade_180.php
[2022-05-14 05:22:48]  ArContactusUpgrade_182.php
[2022-05-14 05:22:48]  ArContactusUpgrade_195.php
[2022-05-14 05:22:48]  ArContactusUpgrade_199.php
[2022-05-14 05:22:48]  ArContactusUpgrade_200.php
[2022-05-14 05:22:48]  ArContactusUpgrade_211.php
[2022-05-14 05:22:48]  Store plugin version 2.1.6
[2022-05-14 05:22:48]  ----- END -----

[2022-05-25 11:56:53]  ----- BEGIN -----
[2022-05-25 11:56:53]  Old version 2.1.6
[2022-05-25 11:56:53]  Migrations found: 
[2022-05-25 11:56:53]  ArContactusUpgrade_157.php
[2022-05-25 11:56:53]  ArContactusUpgrade_160.php
[2022-05-25 11:56:53]  ArContactusUpgrade_180.php
[2022-05-25 11:56:53]  ArContactusUpgrade_182.php
[2022-05-25 11:56:53]  ArContactusUpgrade_195.php
[2022-05-25 11:56:53]  ArContactusUpgrade_199.php
[2022-05-25 11:56:53]  ArContactusUpgrade_200.php
[2022-05-25 11:56:53]  ArContactusUpgrade_211.php
[2022-05-25 11:56:53]  Store plugin version 2.1.6
[2022-05-25 11:56:53]  ----- END -----

[2022-05-25 11:58:31]  ----- BEGIN -----
[2022-05-25 11:58:31]  Old version 2.1.6
[2022-05-25 11:58:31]  Migrations found: 
[2022-05-25 11:58:31]  ArContactusUpgrade_157.php
[2022-05-25 11:58:31]  ArContactusUpgrade_160.php
[2022-05-25 11:58:31]  ArContactusUpgrade_180.php
[2022-05-25 11:58:31]  ArContactusUpgrade_182.php
[2022-05-25 11:58:31]  ArContactusUpgrade_195.php
[2022-05-25 11:58:31]  ArContactusUpgrade_199.php
[2022-05-25 11:58:31]  ArContactusUpgrade_200.php
[2022-05-25 11:58:31]  ArContactusUpgrade_211.php
[2022-05-25 11:58:31]  Store plugin version 2.1.6
[2022-05-25 11:58:31]  ----- END -----

[2022-06-07 23:20:06]  ----- BEGIN -----
[2022-06-07 23:20:06]  Old version 2.1.6
[2022-06-07 23:20:06]  Migrations found: 
[2022-06-07 23:20:06]  ArContactusUpgrade_157.php
[2022-06-07 23:20:06]  ArContactusUpgrade_160.php
[2022-06-07 23:20:06]  ArContactusUpgrade_180.php
[2022-06-07 23:20:06]  ArContactusUpgrade_182.php
[2022-06-07 23:20:06]  ArContactusUpgrade_195.php
[2022-06-07 23:20:06]  ArContactusUpgrade_199.php
[2022-06-07 23:20:06]  ArContactusUpgrade_200.php
[2022-06-07 23:20:06]  ArContactusUpgrade_211.php
[2022-06-07 23:20:06]  Store plugin version 2.1.6
[2022-06-07 23:20:06]  ----- END -----

[2022-06-21 17:29:42]  ----- BEGIN -----
[2022-06-21 17:29:42]  Old version 2.1.6
[2022-06-21 17:29:42]  Migrations found: 
[2022-06-21 17:29:42]  ArContactusUpgrade_157.php
[2022-06-21 17:29:42]  ArContactusUpgrade_160.php
[2022-06-21 17:29:42]  ArContactusUpgrade_180.php
[2022-06-21 17:29:42]  ArContactusUpgrade_182.php
[2022-06-21 17:29:42]  ArContactusUpgrade_195.php
[2022-06-21 17:29:42]  ArContactusUpgrade_199.php
[2022-06-21 17:29:42]  ArContactusUpgrade_200.php
[2022-06-21 17:29:42]  ArContactusUpgrade_211.php
[2022-06-21 17:29:42]  Store plugin version 2.1.6
[2022-06-21 17:29:42]  ----- END -----

[2022-06-21 17:30:41]  ----- BEGIN -----
[2022-06-21 17:30:41]  Old version 2.1.6
[2022-06-21 17:30:41]  Migrations found: 
[2022-06-21 17:30:41]  ArContactusUpgrade_157.php
[2022-06-21 17:30:41]  ArContactusUpgrade_160.php
[2022-06-21 17:30:41]  ArContactusUpgrade_180.php
[2022-06-21 17:30:41]  ArContactusUpgrade_182.php
[2022-06-21 17:30:41]  ArContactusUpgrade_195.php
[2022-06-21 17:30:41]  ArContactusUpgrade_199.php
[2022-06-21 17:30:41]  ArContactusUpgrade_200.php
[2022-06-21 17:30:41]  ArContactusUpgrade_211.php
[2022-06-21 17:30:41]  Store plugin version 2.1.6
[2022-06-21 17:30:41]  ----- END -----

[2022-07-11 08:53:19]  ----- BEGIN -----
[2022-07-11 08:53:19]  Old version 2.1.6
[2022-07-11 08:53:19]  Migrations found: 
[2022-07-11 08:53:19]  ArContactusUpgrade_157.php
[2022-07-11 08:53:19]  ArContactusUpgrade_160.php
[2022-07-11 08:53:19]  ArContactusUpgrade_180.php
[2022-07-11 08:53:19]  ArContactusUpgrade_182.php
[2022-07-11 08:53:19]  ArContactusUpgrade_195.php
[2022-07-11 08:53:19]  ArContactusUpgrade_199.php
[2022-07-11 08:53:19]  ArContactusUpgrade_200.php
[2022-07-11 08:53:19]  ArContactusUpgrade_211.php
[2022-07-11 08:53:19]  Store plugin version 2.1.6
[2022-07-11 08:53:19]  ----- END -----

[2022-07-13 12:35:32]  ----- BEGIN -----
[2022-07-13 12:35:32]  Old version 2.1.6
[2022-07-13 12:35:32]  Migrations found: 
[2022-07-13 12:35:32]  ArContactusUpgrade_157.php
[2022-07-13 12:35:32]  ArContactusUpgrade_160.php
[2022-07-13 12:35:32]  ArContactusUpgrade_180.php
[2022-07-13 12:35:32]  ArContactusUpgrade_182.php
[2022-07-13 12:35:32]  ArContactusUpgrade_195.php
[2022-07-13 12:35:32]  ArContactusUpgrade_199.php
[2022-07-13 12:35:32]  ArContactusUpgrade_200.php
[2022-07-13 12:35:32]  ArContactusUpgrade_211.php
[2022-07-13 12:35:32]  Store plugin version 2.1.6
[2022-07-13 12:35:32]  ----- END -----

[2022-07-13 12:40:18]  ----- BEGIN -----
[2022-07-13 12:40:18]  Old version 2.1.6
[2022-07-13 12:40:18]  Migrations found: 
[2022-07-13 12:40:18]  ArContactusUpgrade_157.php
[2022-07-13 12:40:18]  ArContactusUpgrade_160.php
[2022-07-13 12:40:18]  ArContactusUpgrade_180.php
[2022-07-13 12:40:18]  ArContactusUpgrade_182.php
[2022-07-13 12:40:18]  ArContactusUpgrade_195.php
[2022-07-13 12:40:18]  ArContactusUpgrade_199.php
[2022-07-13 12:40:18]  ArContactusUpgrade_200.php
[2022-07-13 12:40:18]  ArContactusUpgrade_211.php
[2022-07-13 12:40:18]  Store plugin version 2.1.6
[2022-07-13 12:40:18]  ----- END -----

[2022-07-14 08:35:02]  ----- BEGIN -----
[2022-07-14 08:35:02]  Old version 2.1.6
[2022-07-14 08:35:02]  Migrations found: 
[2022-07-14 08:35:02]  ArContactusUpgrade_157.php
[2022-07-14 08:35:02]  ArContactusUpgrade_160.php
[2022-07-14 08:35:02]  ArContactusUpgrade_180.php
[2022-07-14 08:35:02]  ArContactusUpgrade_182.php
[2022-07-14 08:35:02]  ArContactusUpgrade_195.php
[2022-07-14 08:35:02]  ArContactusUpgrade_199.php
[2022-07-14 08:35:02]  ArContactusUpgrade_200.php
[2022-07-14 08:35:02]  ArContactusUpgrade_211.php
[2022-07-14 08:35:02]  Store plugin version 2.1.6
[2022-07-14 08:35:02]  ----- END -----

[2022-07-14 08:36:17]  ----- BEGIN -----
[2022-07-14 08:36:17]  Old version 2.1.6
[2022-07-14 08:36:17]  Migrations found: 
[2022-07-14 08:36:17]  ArContactusUpgrade_157.php
[2022-07-14 08:36:17]  ArContactusUpgrade_160.php
[2022-07-14 08:36:17]  ArContactusUpgrade_180.php
[2022-07-14 08:36:17]  ArContactusUpgrade_182.php
[2022-07-14 08:36:17]  ArContactusUpgrade_195.php
[2022-07-14 08:36:17]  ArContactusUpgrade_199.php
[2022-07-14 08:36:17]  ArContactusUpgrade_200.php
[2022-07-14 08:36:17]  ArContactusUpgrade_211.php
[2022-07-14 08:36:17]  Store plugin version 2.1.6
[2022-07-14 08:36:17]  ----- END -----

[2022-07-14 08:38:22]  ----- BEGIN -----
[2022-07-14 08:38:22]  Old version 2.1.6
[2022-07-14 08:38:22]  Migrations found: 
[2022-07-14 08:38:22]  ArContactusUpgrade_157.php
[2022-07-14 08:38:22]  ArContactusUpgrade_160.php
[2022-07-14 08:38:22]  ArContactusUpgrade_180.php
[2022-07-14 08:38:22]  ArContactusUpgrade_182.php
[2022-07-14 08:38:22]  ArContactusUpgrade_195.php
[2022-07-14 08:38:22]  ArContactusUpgrade_199.php
[2022-07-14 08:38:22]  ArContactusUpgrade_200.php
[2022-07-14 08:38:22]  ArContactusUpgrade_211.php
[2022-07-14 08:38:22]  Store plugin version 2.1.6
[2022-07-14 08:38:22]  ----- END -----

[2022-07-18 08:05:08]  ----- BEGIN -----
[2022-07-18 08:05:08]  Old version 2.1.6
[2022-07-18 08:05:08]  Migrations found: 
[2022-07-18 08:05:08]  ArContactusUpgrade_157.php
[2022-07-18 08:05:08]  ArContactusUpgrade_160.php
[2022-07-18 08:05:08]  ArContactusUpgrade_180.php
[2022-07-18 08:05:08]  ArContactusUpgrade_182.php
[2022-07-18 08:05:08]  ArContactusUpgrade_195.php
[2022-07-18 08:05:08]  ArContactusUpgrade_199.php
[2022-07-18 08:05:08]  ArContactusUpgrade_200.php
[2022-07-18 08:05:08]  ArContactusUpgrade_211.php
[2022-07-18 08:05:08]  Store plugin version 2.1.6
[2022-07-18 08:05:08]  ----- END -----

[2022-07-29 05:33:09]  ----- BEGIN -----
[2022-07-29 05:33:09]  Old version 2.1.6
[2022-07-29 05:33:09]  Migrations found: 
[2022-07-29 05:33:09]  ArContactusUpgrade_157.php
[2022-07-29 05:33:09]  ArContactusUpgrade_160.php
[2022-07-29 05:33:09]  ArContactusUpgrade_180.php
[2022-07-29 05:33:09]  ArContactusUpgrade_182.php
[2022-07-29 05:33:09]  ArContactusUpgrade_195.php
[2022-07-29 05:33:09]  ArContactusUpgrade_199.php
[2022-07-29 05:33:09]  ArContactusUpgrade_200.php
[2022-07-29 05:33:10]  ArContactusUpgrade_211.php
[2022-07-29 05:33:10]  Store plugin version 2.1.6
[2022-07-29 05:33:10]  ----- END -----

[2022-07-30 03:49:53]  ----- BEGIN -----
[2022-07-30 03:49:53]  Old version 2.1.6
[2022-07-30 03:49:53]  Migrations found: 
[2022-07-30 03:49:53]  ArContactusUpgrade_157.php
[2022-07-30 03:49:53]  ArContactusUpgrade_160.php
[2022-07-30 03:49:53]  ArContactusUpgrade_180.php
[2022-07-30 03:49:53]  ArContactusUpgrade_182.php
[2022-07-30 03:49:53]  ArContactusUpgrade_195.php
[2022-07-30 03:49:53]  ArContactusUpgrade_199.php
[2022-07-30 03:49:53]  ArContactusUpgrade_200.php
[2022-07-30 03:49:53]  ArContactusUpgrade_211.php
[2022-07-30 03:49:53]  Store plugin version 2.1.6
[2022-07-30 03:49:53]  ----- END -----

[2022-07-30 03:50:00]  ----- BEGIN -----
[2022-07-30 03:50:00]  Old version 2.1.6
[2022-07-30 03:50:00]  Migrations found: 
[2022-07-30 03:50:00]  ArContactusUpgrade_157.php
[2022-07-30 03:50:00]  ArContactusUpgrade_160.php
[2022-07-30 03:50:00]  ArContactusUpgrade_180.php
[2022-07-30 03:50:00]  ArContactusUpgrade_182.php
[2022-07-30 03:50:00]  ArContactusUpgrade_195.php
[2022-07-30 03:50:00]  ArContactusUpgrade_199.php
[2022-07-30 03:50:00]  ArContactusUpgrade_200.php
[2022-07-30 03:50:00]  ArContactusUpgrade_211.php
[2022-07-30 03:50:00]  Store plugin version 2.1.6
[2022-07-30 03:50:00]  ----- END -----

[2022-07-30 03:54:57]  ----- BEGIN -----
[2022-07-30 03:54:57]  Old version 2.1.6
[2022-07-30 03:54:57]  Migrations found: 
[2022-07-30 03:54:57]  ArContactusUpgrade_157.php
[2022-07-30 03:54:57]  ArContactusUpgrade_160.php
[2022-07-30 03:54:57]  ArContactusUpgrade_180.php
[2022-07-30 03:54:57]  ArContactusUpgrade_182.php
[2022-07-30 03:54:57]  ArContactusUpgrade_195.php
[2022-07-30 03:54:57]  ArContactusUpgrade_199.php
[2022-07-30 03:54:57]  ArContactusUpgrade_200.php
[2022-07-30 03:54:57]  ArContactusUpgrade_211.php
[2022-07-30 03:54:57]  Store plugin version 2.1.6
[2022-07-30 03:54:57]  ----- END -----

[2022-07-30 03:58:23]  ----- BEGIN -----
[2022-07-30 03:58:23]  Old version 2.1.6
[2022-07-30 03:58:23]  Migrations found: 
[2022-07-30 03:58:23]  ArContactusUpgrade_157.php
[2022-07-30 03:58:23]  ArContactusUpgrade_160.php
[2022-07-30 03:58:23]  ArContactusUpgrade_180.php
[2022-07-30 03:58:23]  ArContactusUpgrade_182.php
[2022-07-30 03:58:23]  ArContactusUpgrade_195.php
[2022-07-30 03:58:23]  ArContactusUpgrade_199.php
[2022-07-30 03:58:23]  ArContactusUpgrade_200.php
[2022-07-30 03:58:23]  ArContactusUpgrade_211.php
[2022-07-30 03:58:23]  Store plugin version 2.1.6
[2022-07-30 03:58:23]  ----- END -----

[2022-07-30 04:24:18]  ----- BEGIN -----
[2022-07-30 04:24:18]  Old version 2.1.6
[2022-07-30 04:24:18]  Migrations found: 
[2022-07-30 04:24:18]  ArContactusUpgrade_157.php
[2022-07-30 04:24:18]  ArContactusUpgrade_160.php
[2022-07-30 04:24:18]  ArContactusUpgrade_180.php
[2022-07-30 04:24:18]  ArContactusUpgrade_182.php
[2022-07-30 04:24:18]  ArContactusUpgrade_195.php
[2022-07-30 04:24:18]  ArContactusUpgrade_199.php
[2022-07-30 04:24:18]  ArContactusUpgrade_200.php
[2022-07-30 04:24:18]  ArContactusUpgrade_211.php
[2022-07-30 04:24:18]  Store plugin version 2.1.6
[2022-07-30 04:24:18]  ----- END -----

[2022-07-30 04:24:30]  ----- BEGIN -----
[2022-07-30 04:24:30]  Old version 2.1.6
[2022-07-30 04:24:30]  Migrations found: 
[2022-07-30 04:24:30]  ArContactusUpgrade_157.php
[2022-07-30 04:24:30]  ArContactusUpgrade_160.php
[2022-07-30 04:24:30]  ArContactusUpgrade_180.php
[2022-07-30 04:24:30]  ArContactusUpgrade_182.php
[2022-07-30 04:24:30]  ArContactusUpgrade_195.php
[2022-07-30 04:24:30]  ArContactusUpgrade_199.php
[2022-07-30 04:24:30]  ArContactusUpgrade_200.php
[2022-07-30 04:24:30]  ArContactusUpgrade_211.php
[2022-07-30 04:24:30]  Store plugin version 2.1.6
[2022-07-30 04:24:30]  ----- END -----

[2022-07-30 08:35:00]  ----- BEGIN -----
[2022-07-30 08:35:00]  Old version 2.1.6
[2022-07-30 08:35:00]  Migrations found: 
[2022-07-30 08:35:00]  ArContactusUpgrade_157.php
[2022-07-30 08:35:00]  ArContactusUpgrade_160.php
[2022-07-30 08:35:00]  ArContactusUpgrade_180.php
[2022-07-30 08:35:00]  ArContactusUpgrade_182.php
[2022-07-30 08:35:00]  ArContactusUpgrade_195.php
[2022-07-30 08:35:00]  ArContactusUpgrade_199.php
[2022-07-30 08:35:00]  ArContactusUpgrade_200.php
[2022-07-30 08:35:00]  ArContactusUpgrade_211.php
[2022-07-30 08:35:00]  Store plugin version 2.1.6
[2022-07-30 08:35:00]  ----- END -----

[2022-07-30 08:35:22]  ----- BEGIN -----
[2022-07-30 08:35:22]  Old version 2.1.6
[2022-07-30 08:35:22]  Migrations found: 
[2022-07-30 08:35:22]  ArContactusUpgrade_157.php
[2022-07-30 08:35:22]  ArContactusUpgrade_160.php
[2022-07-30 08:35:22]  ArContactusUpgrade_180.php
[2022-07-30 08:35:22]  ArContactusUpgrade_182.php
[2022-07-30 08:35:22]  ArContactusUpgrade_195.php
[2022-07-30 08:35:22]  ArContactusUpgrade_199.php
[2022-07-30 08:35:22]  ArContactusUpgrade_200.php
[2022-07-30 08:35:22]  ArContactusUpgrade_211.php
[2022-07-30 08:35:22]  Store plugin version 2.1.6
[2022-07-30 08:35:22]  ----- END -----

[2022-07-30 08:36:13]  ----- BEGIN -----
[2022-07-30 08:36:13]  Old version 2.1.6
[2022-07-30 08:36:13]  Migrations found: 
[2022-07-30 08:36:13]  ArContactusUpgrade_157.php
[2022-07-30 08:36:13]  ArContactusUpgrade_160.php
[2022-07-30 08:36:13]  ArContactusUpgrade_180.php
[2022-07-30 08:36:13]  ArContactusUpgrade_182.php
[2022-07-30 08:36:13]  ArContactusUpgrade_195.php
[2022-07-30 08:36:13]  ArContactusUpgrade_199.php
[2022-07-30 08:36:13]  ArContactusUpgrade_200.php
[2022-07-30 08:36:13]  ArContactusUpgrade_211.php
[2022-07-30 08:36:14]  Store plugin version 2.1.6
[2022-07-30 08:36:14]  ----- END -----

[2022-08-13 08:59:56]  ----- BEGIN -----
[2022-08-13 08:59:56]  Old version 2.1.6
[2022-08-13 08:59:57]  Migrations found: 
[2022-08-13 08:59:57]  ArContactusUpgrade_157.php
[2022-08-13 08:59:57]  ArContactusUpgrade_160.php
[2022-08-13 08:59:57]  ArContactusUpgrade_180.php
[2022-08-13 08:59:57]  ArContactusUpgrade_182.php
[2022-08-13 08:59:57]  ArContactusUpgrade_195.php
[2022-08-13 08:59:57]  ArContactusUpgrade_199.php
[2022-08-13 08:59:57]  ArContactusUpgrade_200.php
[2022-08-13 08:59:57]  ArContactusUpgrade_211.php
[2022-08-13 08:59:57]  Store plugin version 2.1.6
[2022-08-13 08:59:57]  ----- END -----

[2022-08-16 01:46:28]  ----- BEGIN -----
[2022-08-16 01:46:28]  Old version 2.1.6
[2022-08-16 01:46:28]  Migrations found: 
[2022-08-16 01:46:28]  ArContactusUpgrade_157.php
[2022-08-16 01:46:28]  ArContactusUpgrade_160.php
[2022-08-16 01:46:28]  ArContactusUpgrade_180.php
[2022-08-16 01:46:28]  ArContactusUpgrade_182.php
[2022-08-16 01:46:28]  ArContactusUpgrade_195.php
[2022-08-16 01:46:28]  ArContactusUpgrade_199.php
[2022-08-16 01:46:28]  ArContactusUpgrade_200.php
[2022-08-16 01:46:28]  ArContactusUpgrade_211.php
[2022-08-16 01:46:28]  Store plugin version 2.1.6
[2022-08-16 01:46:28]  ----- END -----

[2022-08-16 01:46:58]  ----- BEGIN -----
[2022-08-16 01:46:58]  Old version 2.1.6
[2022-08-16 01:46:58]  Migrations found: 
[2022-08-16 01:46:58]  ArContactusUpgrade_157.php
[2022-08-16 01:46:58]  ArContactusUpgrade_160.php
[2022-08-16 01:46:58]  ArContactusUpgrade_180.php
[2022-08-16 01:46:58]  ArContactusUpgrade_182.php
[2022-08-16 01:46:58]  ArContactusUpgrade_195.php
[2022-08-16 01:46:58]  ArContactusUpgrade_199.php
[2022-08-16 01:46:58]  ArContactusUpgrade_200.php
[2022-08-16 01:46:58]  ArContactusUpgrade_211.php
[2022-08-16 01:46:58]  Store plugin version 2.1.6
[2022-08-16 01:46:58]  ----- END -----

[2022-08-16 01:47:25]  ----- BEGIN -----
[2022-08-16 01:47:25]  Old version 2.1.6
[2022-08-16 01:47:25]  Migrations found: 
[2022-08-16 01:47:25]  ArContactusUpgrade_157.php
[2022-08-16 01:47:25]  ArContactusUpgrade_160.php
[2022-08-16 01:47:25]  ArContactusUpgrade_180.php
[2022-08-16 01:47:25]  ArContactusUpgrade_182.php
[2022-08-16 01:47:25]  ArContactusUpgrade_195.php
[2022-08-16 01:47:25]  ArContactusUpgrade_199.php
[2022-08-16 01:47:25]  ArContactusUpgrade_200.php
[2022-08-16 01:47:25]  ArContactusUpgrade_211.php
[2022-08-16 01:47:25]  Store plugin version 2.1.6
[2022-08-16 01:47:25]  ----- END -----

[2022-08-16 01:47:52]  ----- BEGIN -----
[2022-08-16 01:47:52]  Old version 2.1.6
[2022-08-16 01:47:52]  Migrations found: 
[2022-08-16 01:47:52]  ArContactusUpgrade_157.php
[2022-08-16 01:47:52]  ArContactusUpgrade_160.php
[2022-08-16 01:47:52]  ArContactusUpgrade_180.php
[2022-08-16 01:47:52]  ArContactusUpgrade_182.php
[2022-08-16 01:47:52]  ArContactusUpgrade_195.php
[2022-08-16 01:47:52]  ArContactusUpgrade_199.php
[2022-08-16 01:47:52]  ArContactusUpgrade_200.php
[2022-08-16 01:47:52]  ArContactusUpgrade_211.php
[2022-08-16 01:47:52]  Store plugin version 2.1.6
[2022-08-16 01:47:52]  ----- END -----

[2022-08-16 03:12:30]  ----- BEGIN -----
[2022-08-16 03:12:30]  Old version 2.1.6
[2022-08-16 03:12:30]  Migrations found: 
[2022-08-16 03:12:30]  ArContactusUpgrade_157.php
[2022-08-16 03:12:30]  ArContactusUpgrade_160.php
[2022-08-16 03:12:30]  ArContactusUpgrade_180.php
[2022-08-16 03:12:30]  ArContactusUpgrade_182.php
[2022-08-16 03:12:30]  ArContactusUpgrade_195.php
[2022-08-16 03:12:30]  ArContactusUpgrade_199.php
[2022-08-16 03:12:30]  ArContactusUpgrade_200.php
[2022-08-16 03:12:30]  ArContactusUpgrade_211.php
[2022-08-16 03:12:30]  Store plugin version 2.1.6
[2022-08-16 03:12:30]  ----- END -----

[2022-08-16 03:12:58]  ----- BEGIN -----
[2022-08-16 03:12:58]  Old version 2.1.6
[2022-08-16 03:12:58]  Migrations found: 
[2022-08-16 03:12:58]  ArContactusUpgrade_157.php
[2022-08-16 03:12:58]  ArContactusUpgrade_160.php
[2022-08-16 03:12:58]  ArContactusUpgrade_180.php
[2022-08-16 03:12:58]  ArContactusUpgrade_182.php
[2022-08-16 03:12:58]  ArContactusUpgrade_195.php
[2022-08-16 03:12:58]  ArContactusUpgrade_199.php
[2022-08-16 03:12:58]  ArContactusUpgrade_200.php
[2022-08-16 03:12:58]  ArContactusUpgrade_211.php
[2022-08-16 03:12:58]  Store plugin version 2.1.6
[2022-08-16 03:12:58]  ----- END -----

[2022-08-16 03:43:53]  ----- BEGIN -----
[2022-08-16 03:43:53]  Old version 2.1.6
[2022-08-16 03:43:53]  Migrations found: 
[2022-08-16 03:43:53]  ArContactusUpgrade_157.php
[2022-08-16 03:43:53]  ArContactusUpgrade_160.php
[2022-08-16 03:43:53]  ArContactusUpgrade_180.php
[2022-08-16 03:43:53]  ArContactusUpgrade_182.php
[2022-08-16 03:43:53]  ArContactusUpgrade_195.php
[2022-08-16 03:43:53]  ArContactusUpgrade_199.php
[2022-08-16 03:43:53]  ArContactusUpgrade_200.php
[2022-08-16 03:43:53]  ArContactusUpgrade_211.php
[2022-08-16 03:43:53]  Store plugin version 2.1.6
[2022-08-16 03:43:53]  ----- END -----

[2022-08-16 07:03:07]  ----- BEGIN -----
[2022-08-16 07:03:07]  Old version 2.1.6
[2022-08-16 07:03:07]  Migrations found: 
[2022-08-16 07:03:07]  ArContactusUpgrade_157.php
[2022-08-16 07:03:07]  ArContactusUpgrade_160.php
[2022-08-16 07:03:07]  ArContactusUpgrade_180.php
[2022-08-16 07:03:07]  ArContactusUpgrade_182.php
[2022-08-16 07:03:07]  ArContactusUpgrade_195.php
[2022-08-16 07:03:07]  ArContactusUpgrade_199.php
[2022-08-16 07:03:07]  ArContactusUpgrade_200.php
[2022-08-16 07:03:07]  ArContactusUpgrade_211.php
[2022-08-16 07:03:07]  Store plugin version 2.1.6
[2022-08-16 07:03:07]  ----- END -----

[2022-08-16 07:30:05]  ----- BEGIN -----
[2022-08-16 07:30:05]  Old version 2.1.6
[2022-08-16 07:30:05]  Migrations found: 
[2022-08-16 07:30:05]  ArContactusUpgrade_157.php
[2022-08-16 07:30:05]  ArContactusUpgrade_160.php
[2022-08-16 07:30:05]  ArContactusUpgrade_180.php
[2022-08-16 07:30:05]  ArContactusUpgrade_182.php
[2022-08-16 07:30:05]  ArContactusUpgrade_195.php
[2022-08-16 07:30:05]  ArContactusUpgrade_199.php
[2022-08-16 07:30:05]  ArContactusUpgrade_200.php
[2022-08-16 07:30:05]  ArContactusUpgrade_211.php
[2022-08-16 07:30:05]  Store plugin version 2.1.6
[2022-08-16 07:30:05]  ----- END -----

[2022-08-16 07:32:02]  ----- BEGIN -----
[2022-08-16 07:32:02]  Old version 2.1.6
[2022-08-16 07:32:02]  Migrations found: 
[2022-08-16 07:32:02]  ArContactusUpgrade_157.php
[2022-08-16 07:32:02]  ArContactusUpgrade_160.php
[2022-08-16 07:32:02]  ArContactusUpgrade_180.php
[2022-08-16 07:32:02]  ArContactusUpgrade_182.php
[2022-08-16 07:32:02]  ArContactusUpgrade_195.php
[2022-08-16 07:32:02]  ArContactusUpgrade_199.php
[2022-08-16 07:32:02]  ArContactusUpgrade_200.php
[2022-08-16 07:32:02]  ArContactusUpgrade_211.php
[2022-08-16 07:32:02]  Store plugin version 2.1.6
[2022-08-16 07:32:02]  ----- END -----

[2022-08-20 01:48:26]  ----- BEGIN -----
[2022-08-20 01:48:26]  Old version 2.1.6
[2022-08-20 01:48:26]  Migrations found: 
[2022-08-20 01:48:26]  ArContactusUpgrade_157.php
[2022-08-20 01:48:26]  ArContactusUpgrade_160.php
[2022-08-20 01:48:26]  ArContactusUpgrade_180.php
[2022-08-20 01:48:26]  ArContactusUpgrade_182.php
[2022-08-20 01:48:26]  ArContactusUpgrade_195.php
[2022-08-20 01:48:26]  ArContactusUpgrade_199.php
[2022-08-20 01:48:26]  ArContactusUpgrade_200.php
[2022-08-20 01:48:26]  ArContactusUpgrade_211.php
[2022-08-20 01:48:26]  Store plugin version 2.1.6
[2022-08-20 01:48:26]  ----- END -----

[2022-08-20 01:53:16]  ----- BEGIN -----
[2022-08-20 01:53:16]  Old version 2.1.6
[2022-08-20 01:53:16]  Migrations found: 
[2022-08-20 01:53:16]  ArContactusUpgrade_157.php
[2022-08-20 01:53:16]  ArContactusUpgrade_160.php
[2022-08-20 01:53:16]  ArContactusUpgrade_180.php
[2022-08-20 01:53:16]  ArContactusUpgrade_182.php
[2022-08-20 01:53:16]  ArContactusUpgrade_195.php
[2022-08-20 01:53:16]  ArContactusUpgrade_199.php
[2022-08-20 01:53:16]  ArContactusUpgrade_200.php
[2022-08-20 01:53:16]  ArContactusUpgrade_211.php
[2022-08-20 01:53:16]  Store plugin version 2.1.6
[2022-08-20 01:53:16]  ----- END -----

[2022-08-20 01:53:36]  ----- BEGIN -----
[2022-08-20 01:53:36]  Old version 2.1.6
[2022-08-20 01:53:36]  Migrations found: 
[2022-08-20 01:53:36]  ArContactusUpgrade_157.php
[2022-08-20 01:53:36]  ArContactusUpgrade_160.php
[2022-08-20 01:53:36]  ArContactusUpgrade_180.php
[2022-08-20 01:53:36]  ArContactusUpgrade_182.php
[2022-08-20 01:53:36]  ArContactusUpgrade_195.php
[2022-08-20 01:53:36]  ArContactusUpgrade_199.php
[2022-08-20 01:53:36]  ArContactusUpgrade_200.php
[2022-08-20 01:53:36]  ArContactusUpgrade_211.php
[2022-08-20 01:53:36]  Store plugin version 2.1.6
[2022-08-20 01:53:36]  ----- END -----

[2022-08-20 02:14:55]  ----- BEGIN -----
[2022-08-20 02:14:55]  Old version 2.1.6
[2022-08-20 02:14:55]  Migrations found: 
[2022-08-20 02:14:55]  ArContactusUpgrade_157.php
[2022-08-20 02:14:55]  ArContactusUpgrade_160.php
[2022-08-20 02:14:55]  ArContactusUpgrade_180.php
[2022-08-20 02:14:55]  ArContactusUpgrade_182.php
[2022-08-20 02:14:55]  ArContactusUpgrade_195.php
[2022-08-20 02:14:55]  ArContactusUpgrade_199.php
[2022-08-20 02:14:55]  ArContactusUpgrade_200.php
[2022-08-20 02:14:55]  ArContactusUpgrade_211.php
[2022-08-20 02:14:55]  Store plugin version 2.1.6
[2022-08-20 02:14:55]  ----- END -----

[2022-08-21 00:42:59]  ----- BEGIN -----
[2022-08-21 00:42:59]  Old version 2.1.6
[2022-08-21 00:42:59]  Migrations found: 
[2022-08-21 00:42:59]  ArContactusUpgrade_157.php
[2022-08-21 00:42:59]  ArContactusUpgrade_160.php
[2022-08-21 00:42:59]  ArContactusUpgrade_180.php
[2022-08-21 00:42:59]  ArContactusUpgrade_182.php
[2022-08-21 00:42:59]  ArContactusUpgrade_195.php
[2022-08-21 00:42:59]  ArContactusUpgrade_199.php
[2022-08-21 00:42:59]  ArContactusUpgrade_200.php
[2022-08-21 00:42:59]  ArContactusUpgrade_211.php
[2022-08-21 00:42:59]  Store plugin version 2.1.6
[2022-08-21 00:42:59]  ----- END -----

[2022-08-23 05:19:44]  ----- BEGIN -----
[2022-08-23 05:19:44]  Old version 2.1.6
[2022-08-23 05:19:44]  Migrations found: 
[2022-08-23 05:19:44]  ArContactusUpgrade_157.php
[2022-08-23 05:19:44]  ArContactusUpgrade_160.php
[2022-08-23 05:19:44]  ArContactusUpgrade_180.php
[2022-08-23 05:19:44]  ArContactusUpgrade_182.php
[2022-08-23 05:19:44]  ArContactusUpgrade_195.php
[2022-08-23 05:19:44]  ArContactusUpgrade_199.php
[2022-08-23 05:19:44]  ArContactusUpgrade_200.php
[2022-08-23 05:19:44]  ArContactusUpgrade_211.php
[2022-08-23 05:19:44]  Store plugin version 2.1.6
[2022-08-23 05:19:44]  ----- END -----

[2022-08-23 05:33:55]  ----- BEGIN -----
[2022-08-23 05:33:55]  Old version 2.1.6
[2022-08-23 05:33:55]  Migrations found: 
[2022-08-23 05:33:55]  ArContactusUpgrade_157.php
[2022-08-23 05:33:55]  ArContactusUpgrade_160.php
[2022-08-23 05:33:55]  ArContactusUpgrade_180.php
[2022-08-23 05:33:55]  ArContactusUpgrade_182.php
[2022-08-23 05:33:55]  ArContactusUpgrade_195.php
[2022-08-23 05:33:55]  ArContactusUpgrade_199.php
[2022-08-23 05:33:55]  ArContactusUpgrade_200.php
[2022-08-23 05:33:55]  ArContactusUpgrade_211.php
[2022-08-23 05:33:55]  Store plugin version 2.1.6
[2022-08-23 05:33:55]  ----- END -----

[2022-08-23 05:34:09]  ----- BEGIN -----
[2022-08-23 05:34:09]  Old version 2.1.6
[2022-08-23 05:34:09]  Migrations found: 
[2022-08-23 05:34:09]  ArContactusUpgrade_157.php
[2022-08-23 05:34:09]  ArContactusUpgrade_160.php
[2022-08-23 05:34:09]  ArContactusUpgrade_180.php
[2022-08-23 05:34:09]  ArContactusUpgrade_182.php
[2022-08-23 05:34:09]  ArContactusUpgrade_195.php
[2022-08-23 05:34:09]  ArContactusUpgrade_199.php
[2022-08-23 05:34:09]  ArContactusUpgrade_200.php
[2022-08-23 05:34:09]  ArContactusUpgrade_211.php
[2022-08-23 05:34:09]  Store plugin version 2.1.6
[2022-08-23 05:34:09]  ----- END -----

[2022-08-23 05:43:07]  ----- BEGIN -----
[2022-08-23 05:43:07]  Old version 2.1.6
[2022-08-23 05:43:07]  Migrations found: 
[2022-08-23 05:43:07]  ArContactusUpgrade_157.php
[2022-08-23 05:43:07]  ArContactusUpgrade_160.php
[2022-08-23 05:43:07]  ArContactusUpgrade_180.php
[2022-08-23 05:43:07]  ArContactusUpgrade_182.php
[2022-08-23 05:43:07]  ArContactusUpgrade_195.php
[2022-08-23 05:43:07]  ArContactusUpgrade_199.php
[2022-08-23 05:43:07]  ArContactusUpgrade_200.php
[2022-08-23 05:43:07]  ArContactusUpgrade_211.php
[2022-08-23 05:43:07]  Store plugin version 2.1.6
[2022-08-23 05:43:07]  ----- END -----

[2022-08-23 05:43:13]  ----- BEGIN -----
[2022-08-23 05:43:13]  Old version 2.1.6
[2022-08-23 05:43:13]  Migrations found: 
[2022-08-23 05:43:13]  ArContactusUpgrade_157.php
[2022-08-23 05:43:13]  ArContactusUpgrade_160.php
[2022-08-23 05:43:13]  ArContactusUpgrade_180.php
[2022-08-23 05:43:13]  ArContactusUpgrade_182.php
[2022-08-23 05:43:13]  ArContactusUpgrade_195.php
[2022-08-23 05:43:13]  ArContactusUpgrade_199.php
[2022-08-23 05:43:13]  ArContactusUpgrade_200.php
[2022-08-23 05:43:13]  ArContactusUpgrade_211.php
[2022-08-23 05:43:13]  Store plugin version 2.1.6
[2022-08-23 05:43:13]  ----- END -----

[2023-01-04 10:27:20]  ----- BEGIN -----
[2023-01-04 10:27:20]  Old version 2.1.6
[2023-01-04 10:27:20]  Migrations found: 
[2023-01-04 10:27:20]  ArContactusUpgrade_157.php
[2023-01-04 10:27:20]  ArContactusUpgrade_160.php
[2023-01-04 10:27:20]  ArContactusUpgrade_180.php
[2023-01-04 10:27:20]  ArContactusUpgrade_182.php
[2023-01-04 10:27:20]  ArContactusUpgrade_195.php
[2023-01-04 10:27:20]  ArContactusUpgrade_199.php
[2023-01-04 10:27:20]  ArContactusUpgrade_200.php
[2023-01-04 10:27:20]  ArContactusUpgrade_211.php
[2023-01-04 10:27:20]  Store plugin version 2.1.6
[2023-01-04 10:27:20]  ----- END -----

